<?xml version="1.0" encoding="UTF-8"?>
<!-- Generated by org.testng.reporters.JUnitReportReporter -->
<testsuite hostname="iDeliver20-PC" name="com.eversource.qa.testcases.OutageStormTest" tests="1" failures="0" timestamp="28 Jan 2020 11:41:06 GMT" time="125.557" errors="0">
  <testcase name="stormOutage" time="125.557" classname="com.eversource.qa.testcases.OutageStormTest"/>
</testsuite> <!-- com.eversource.qa.testcases.OutageStormTest -->
