<?xml version="1.0" encoding="UTF-8"?>
<!-- Generated by org.testng.reporters.JUnitReportReporter -->
<testsuite hostname="iDeliver20-PC" name="com.eversource.qa.testcases.LoginPageTest" tests="3" failures="0" timestamp="27 Jan 2020 14:27:49 GMT" time="166.375" errors="0">
  <testcase name="AccountHistoryTest" time="117.504" classname="com.eversource.qa.testcases.LoginPageTest"/>
  <testcase name="PayBillTest" time="19.643" classname="com.eversource.qa.testcases.LoginPageTest"/>
  <testcase name="LoginTest" time="29.228" classname="com.eversource.qa.testcases.LoginPageTest"/>
</testsuite> <!-- com.eversource.qa.testcases.LoginPageTest -->
