<?xml version="1.0" encoding="UTF-8"?>
<!-- Generated by org.testng.reporters.JUnitReportReporter -->
<testsuite hostname="iDeliver20-PC" name="com.eversource.qa.testcases.LoginPageTest" tests="3" failures="0" timestamp="31 Jan 2020 12:45:08 GMT" time="118.281" errors="0">
  <testcase name="LoginTest" time="28.004" classname="com.eversource.qa.testcases.LoginPageTest"/>
  <testcase name="PayBillTest" time="40.332" classname="com.eversource.qa.testcases.LoginPageTest"/>
  <testcase name="AccountHistoryTest" time="49.945" classname="com.eversource.qa.testcases.LoginPageTest"/>
</testsuite> <!-- com.eversource.qa.testcases.LoginPageTest -->
