<?xml version="1.0" encoding="UTF-8"?>
<!-- Generated by org.testng.reporters.JUnitReportReporter -->
<testsuite hostname="iDeliver20-PC" name="com.eversource.qa.testcases.LoginPageTest" tests="3" failures="0" timestamp="20 Jan 2020 13:13:18 GMT" time="97.267" errors="0">
  <testcase name="AccountHistoryTest" time="41.632" classname="com.eversource.qa.testcases.LoginPageTest"/>
  <testcase name="PayBillTest" time="19.552" classname="com.eversource.qa.testcases.LoginPageTest"/>
  <testcase name="LoginTest" time="36.083" classname="com.eversource.qa.testcases.LoginPageTest"/>
</testsuite> <!-- com.eversource.qa.testcases.LoginPageTest -->
