<?xml version="1.0" encoding="UTF-8"?>
<!-- Generated by org.testng.reporters.JUnitReportReporter -->
<testsuite hostname="iDeliver20-PC" name="com.eversource.qa.testcases.LoginPageTest" tests="3" failures="0" timestamp="29 Jan 2020 12:57:01 GMT" time="98.781" errors="0">
  <testcase name="AccountHistoryTest" time="43.093" classname="com.eversource.qa.testcases.LoginPageTest"/>
  <testcase name="PayBillTest" time="29.705" classname="com.eversource.qa.testcases.LoginPageTest"/>
  <testcase name="LoginTest" time="25.983" classname="com.eversource.qa.testcases.LoginPageTest"/>
</testsuite> <!-- com.eversource.qa.testcases.LoginPageTest -->
