<?xml version="1.0" encoding="UTF-8"?>
<!-- Generated by org.testng.reporters.JUnitReportReporter -->
<testsuite hostname="iDeliver20-PC" name="com.eversource.qa.testcases.EditProfileTest" tests="2" failures="0" timestamp="28 Jan 2020 18:19:27 GMT" time="70.201" errors="0">
  <testcase name="ProfileTest" time="33.785" classname="com.eversource.qa.testcases.EditProfileTest"/>
  <testcase name="LoginTest" time="36.416" classname="com.eversource.qa.testcases.EditProfileTest"/>
</testsuite> <!-- com.eversource.qa.testcases.EditProfileTest -->
