<?xml version="1.0" encoding="UTF-8"?>
<!-- Generated by org.testng.reporters.JUnitReportReporter -->
<testsuite hostname="iDeliver20-PC" name="com.eversource.qa.testcases.OutageStormTest" tests="1" failures="0" timestamp="20 Jan 2020 13:56:41 GMT" time="118.866" errors="0">
  <testcase name="stormOutage" time="118.866" classname="com.eversource.qa.testcases.OutageStormTest"/>
</testsuite> <!-- com.eversource.qa.testcases.OutageStormTest -->
