<?xml version="1.0" encoding="UTF-8"?>
<!-- Generated by org.testng.reporters.JUnitReportReporter -->
<testsuite hostname="iDeliver20-PC" name="com.eversource.qa.testcases.EditProfileTest" tests="2" failures="0" timestamp="31 Jan 2020 12:45:08 GMT" time="103.250" errors="0">
  <testcase name="ProfileTest" time="54.702" classname="com.eversource.qa.testcases.EditProfileTest"/>
  <testcase name="LoginTest" time="48.548" classname="com.eversource.qa.testcases.EditProfileTest"/>
</testsuite> <!-- com.eversource.qa.testcases.EditProfileTest -->
