<?xml version="1.0" encoding="UTF-8"?>
<!-- Generated by org.testng.reporters.JUnitReportReporter -->
<testsuite hostname="iDeliver20-PC" name="com.eversource.qa.testcases.EditProfileTest" tests="2" failures="0" timestamp="21 Jan 2020 12:03:25 GMT" time="39.742" errors="0">
  <testcase name="LoginTest" time="27.020" classname="com.eversource.qa.testcases.EditProfileTest"/>
  <testcase name="ProfileTest" time="12.722" classname="com.eversource.qa.testcases.EditProfileTest"/>
</testsuite> <!-- com.eversource.qa.testcases.EditProfileTest -->
