<?xml version="1.0" encoding="UTF-8"?>
<!-- Generated by org.testng.reporters.JUnitReportReporter -->
<testsuite hostname="iDeliver20-PC" name="com.eversource.qa.testcases.LoginPageTest" tests="3" failures="0" timestamp="29 Jan 2020 17:34:36 GMT" time="188.349" errors="0">
  <testcase name="PayBillTest" time="47.859" classname="com.eversource.qa.testcases.LoginPageTest"/>
  <testcase name="LoginTest" time="75.313" classname="com.eversource.qa.testcases.LoginPageTest"/>
  <testcase name="AccountHistoryTest" time="65.177" classname="com.eversource.qa.testcases.LoginPageTest"/>
</testsuite> <!-- com.eversource.qa.testcases.LoginPageTest -->
