<?xml version="1.0" encoding="UTF-8"?>
<!-- Generated by org.testng.reporters.JUnitReportReporter -->
<testsuite hostname="iDeliver20-PC" name="com.eversource.qa.testcases.LoginPageTest" tests="3" failures="0" timestamp="24 Jan 2020 13:00:12 GMT" time="143.439" errors="0">
  <testcase name="LoginTest" time="45.219" classname="com.eversource.qa.testcases.LoginPageTest"/>
  <testcase name="AccountHistoryTest" time="68.413" classname="com.eversource.qa.testcases.LoginPageTest"/>
  <testcase name="PayBillTest" time="29.807" classname="com.eversource.qa.testcases.LoginPageTest"/>
</testsuite> <!-- com.eversource.qa.testcases.LoginPageTest -->
